=== OMP T=4 RUN 1 ===
reading data points from file Image_data/texture17695.bin
selecting the first 2000 elements as initial centers
Writing coordinates of K=2000 cluster centers to file "Image_data/texture17695.bin.cluster_centres"
Writing membership of N=17695 data objects to file "Image_data/texture17695.bin.membership"

Performing **** Regular Kmeans (OpenMP version) ****
Input file:     Image_data/texture17695.bin
numObjs       = 17695
numCoords     = 20
numClusters   = 2000
threshold     = 0.0010
Threads       = 4
I/O time           =     0.0241 sec
Computation timing =     1.0293 sec
=== OMP T=4 RUN 2 ===
reading data points from file Image_data/texture17695.bin
selecting the first 2000 elements as initial centers
Writing coordinates of K=2000 cluster centers to file "Image_data/texture17695.bin.cluster_centres"
Writing membership of N=17695 data objects to file "Image_data/texture17695.bin.membership"

Performing **** Regular Kmeans (OpenMP version) ****
Input file:     Image_data/texture17695.bin
numObjs       = 17695
numCoords     = 20
numClusters   = 2000
threshold     = 0.0010
Threads       = 4
I/O time           =     0.0231 sec
Computation timing =     1.0322 sec
=== OMP T=4 RUN 3 ===
reading data points from file Image_data/texture17695.bin
selecting the first 2000 elements as initial centers
Writing coordinates of K=2000 cluster centers to file "Image_data/texture17695.bin.cluster_centres"
Writing membership of N=17695 data objects to file "Image_data/texture17695.bin.membership"

Performing **** Regular Kmeans (OpenMP version) ****
Input file:     Image_data/texture17695.bin
numObjs       = 17695
numCoords     = 20
numClusters   = 2000
threshold     = 0.0010
Threads       = 4
I/O time           =     0.0245 sec
Computation timing =     1.0571 sec
=== OMP T=4 RUN 4 ===
reading data points from file Image_data/texture17695.bin
selecting the first 2000 elements as initial centers
Writing coordinates of K=2000 cluster centers to file "Image_data/texture17695.bin.cluster_centres"
Writing membership of N=17695 data objects to file "Image_data/texture17695.bin.membership"

Performing **** Regular Kmeans (OpenMP version) ****
Input file:     Image_data/texture17695.bin
numObjs       = 17695
numCoords     = 20
numClusters   = 2000
threshold     = 0.0010
Threads       = 4
I/O time           =     0.0247 sec
Computation timing =     1.1043 sec
=== OMP T=4 RUN 5 ===
reading data points from file Image_data/texture17695.bin
selecting the first 2000 elements as initial centers
Writing coordinates of K=2000 cluster centers to file "Image_data/texture17695.bin.cluster_centres"
Writing membership of N=17695 data objects to file "Image_data/texture17695.bin.membership"

Performing **** Regular Kmeans (OpenMP version) ****
Input file:     Image_data/texture17695.bin
numObjs       = 17695
numCoords     = 20
numClusters   = 2000
threshold     = 0.0010
Threads       = 4
I/O time           =     0.0249 sec
Computation timing =     0.9832 sec
=== OMP T=4 RUN 6 ===
reading data points from file Image_data/texture17695.bin
selecting the first 2000 elements as initial centers
Writing coordinates of K=2000 cluster centers to file "Image_data/texture17695.bin.cluster_centres"
Writing membership of N=17695 data objects to file "Image_data/texture17695.bin.membership"

Performing **** Regular Kmeans (OpenMP version) ****
Input file:     Image_data/texture17695.bin
numObjs       = 17695
numCoords     = 20
numClusters   = 2000
threshold     = 0.0010
Threads       = 4
I/O time           =     0.0250 sec
Computation timing =     1.0617 sec
=== OMP T=4 RUN 7 ===
reading data points from file Image_data/texture17695.bin
selecting the first 2000 elements as initial centers
Writing coordinates of K=2000 cluster centers to file "Image_data/texture17695.bin.cluster_centres"
Writing membership of N=17695 data objects to file "Image_data/texture17695.bin.membership"

Performing **** Regular Kmeans (OpenMP version) ****
Input file:     Image_data/texture17695.bin
numObjs       = 17695
numCoords     = 20
numClusters   = 2000
threshold     = 0.0010
Threads       = 4
I/O time           =     0.0236 sec
Computation timing =     1.0393 sec
=== OMP T=4 RUN 8 ===
reading data points from file Image_data/texture17695.bin
selecting the first 2000 elements as initial centers
Writing coordinates of K=2000 cluster centers to file "Image_data/texture17695.bin.cluster_centres"
Writing membership of N=17695 data objects to file "Image_data/texture17695.bin.membership"

Performing **** Regular Kmeans (OpenMP version) ****
Input file:     Image_data/texture17695.bin
numObjs       = 17695
numCoords     = 20
numClusters   = 2000
threshold     = 0.0010
Threads       = 4
I/O time           =     0.0240 sec
Computation timing =     1.0437 sec
=== OMP T=4 RUN 9 ===
reading data points from file Image_data/texture17695.bin
selecting the first 2000 elements as initial centers
Writing coordinates of K=2000 cluster centers to file "Image_data/texture17695.bin.cluster_centres"
Writing membership of N=17695 data objects to file "Image_data/texture17695.bin.membership"

Performing **** Regular Kmeans (OpenMP version) ****
Input file:     Image_data/texture17695.bin
numObjs       = 17695
numCoords     = 20
numClusters   = 2000
threshold     = 0.0010
Threads       = 4
I/O time           =     0.0247 sec
Computation timing =     1.0950 sec
=== OMP T=4 RUN 10 ===
reading data points from file Image_data/texture17695.bin
selecting the first 2000 elements as initial centers
Writing coordinates of K=2000 cluster centers to file "Image_data/texture17695.bin.cluster_centres"
Writing membership of N=17695 data objects to file "Image_data/texture17695.bin.membership"

Performing **** Regular Kmeans (OpenMP version) ****
Input file:     Image_data/texture17695.bin
numObjs       = 17695
numCoords     = 20
numClusters   = 2000
threshold     = 0.0010
Threads       = 4
I/O time           =     0.0250 sec
Computation timing =     0.9718 sec
