=== OMP T=14 RUN 1 ===
reading data points from file Image_data/texture17695.bin
selecting the first 2000 elements as initial centers
Writing coordinates of K=2000 cluster centers to file "Image_data/texture17695.bin.cluster_centres"
Writing membership of N=17695 data objects to file "Image_data/texture17695.bin.membership"

Performing **** Regular Kmeans (OpenMP version) ****
Input file:     Image_data/texture17695.bin
numObjs       = 17695
numCoords     = 20
numClusters   = 2000
threshold     = 0.0010
Threads       = 14
I/O time           =     0.0248 sec
Computation timing =     0.3761 sec
=== OMP T=14 RUN 2 ===
reading data points from file Image_data/texture17695.bin
selecting the first 2000 elements as initial centers
Writing coordinates of K=2000 cluster centers to file "Image_data/texture17695.bin.cluster_centres"
Writing membership of N=17695 data objects to file "Image_data/texture17695.bin.membership"

Performing **** Regular Kmeans (OpenMP version) ****
Input file:     Image_data/texture17695.bin
numObjs       = 17695
numCoords     = 20
numClusters   = 2000
threshold     = 0.0010
Threads       = 14
I/O time           =     0.0253 sec
Computation timing =     0.3585 sec
=== OMP T=14 RUN 3 ===
reading data points from file Image_data/texture17695.bin
selecting the first 2000 elements as initial centers
Writing coordinates of K=2000 cluster centers to file "Image_data/texture17695.bin.cluster_centres"
Writing membership of N=17695 data objects to file "Image_data/texture17695.bin.membership"

Performing **** Regular Kmeans (OpenMP version) ****
Input file:     Image_data/texture17695.bin
numObjs       = 17695
numCoords     = 20
numClusters   = 2000
threshold     = 0.0010
Threads       = 14
I/O time           =     0.0527 sec
Computation timing =     0.3771 sec
=== OMP T=14 RUN 4 ===
reading data points from file Image_data/texture17695.bin
selecting the first 2000 elements as initial centers
Writing coordinates of K=2000 cluster centers to file "Image_data/texture17695.bin.cluster_centres"
Writing membership of N=17695 data objects to file "Image_data/texture17695.bin.membership"

Performing **** Regular Kmeans (OpenMP version) ****
Input file:     Image_data/texture17695.bin
numObjs       = 17695
numCoords     = 20
numClusters   = 2000
threshold     = 0.0010
Threads       = 14
I/O time           =     0.0254 sec
Computation timing =     0.3765 sec
=== OMP T=14 RUN 5 ===
reading data points from file Image_data/texture17695.bin
selecting the first 2000 elements as initial centers
Writing coordinates of K=2000 cluster centers to file "Image_data/texture17695.bin.cluster_centres"
Writing membership of N=17695 data objects to file "Image_data/texture17695.bin.membership"

Performing **** Regular Kmeans (OpenMP version) ****
Input file:     Image_data/texture17695.bin
numObjs       = 17695
numCoords     = 20
numClusters   = 2000
threshold     = 0.0010
Threads       = 14
I/O time           =     0.0243 sec
Computation timing =     0.3722 sec
=== OMP T=14 RUN 6 ===
reading data points from file Image_data/texture17695.bin
selecting the first 2000 elements as initial centers
Writing coordinates of K=2000 cluster centers to file "Image_data/texture17695.bin.cluster_centres"
Writing membership of N=17695 data objects to file "Image_data/texture17695.bin.membership"

Performing **** Regular Kmeans (OpenMP version) ****
Input file:     Image_data/texture17695.bin
numObjs       = 17695
numCoords     = 20
numClusters   = 2000
threshold     = 0.0010
Threads       = 14
I/O time           =     0.0251 sec
Computation timing =     0.3280 sec
=== OMP T=14 RUN 7 ===
reading data points from file Image_data/texture17695.bin
selecting the first 2000 elements as initial centers
Writing coordinates of K=2000 cluster centers to file "Image_data/texture17695.bin.cluster_centres"
Writing membership of N=17695 data objects to file "Image_data/texture17695.bin.membership"

Performing **** Regular Kmeans (OpenMP version) ****
Input file:     Image_data/texture17695.bin
numObjs       = 17695
numCoords     = 20
numClusters   = 2000
threshold     = 0.0010
Threads       = 14
I/O time           =     0.0247 sec
Computation timing =     0.3611 sec
=== OMP T=14 RUN 8 ===
reading data points from file Image_data/texture17695.bin
selecting the first 2000 elements as initial centers
Writing coordinates of K=2000 cluster centers to file "Image_data/texture17695.bin.cluster_centres"
Writing membership of N=17695 data objects to file "Image_data/texture17695.bin.membership"

Performing **** Regular Kmeans (OpenMP version) ****
Input file:     Image_data/texture17695.bin
numObjs       = 17695
numCoords     = 20
numClusters   = 2000
threshold     = 0.0010
Threads       = 14
I/O time           =     0.0240 sec
Computation timing =     0.3631 sec
=== OMP T=14 RUN 9 ===
reading data points from file Image_data/texture17695.bin
selecting the first 2000 elements as initial centers
Writing coordinates of K=2000 cluster centers to file "Image_data/texture17695.bin.cluster_centres"
Writing membership of N=17695 data objects to file "Image_data/texture17695.bin.membership"

Performing **** Regular Kmeans (OpenMP version) ****
Input file:     Image_data/texture17695.bin
numObjs       = 17695
numCoords     = 20
numClusters   = 2000
threshold     = 0.0010
Threads       = 14
I/O time           =     0.0233 sec
Computation timing =     0.3515 sec
=== OMP T=14 RUN 10 ===
reading data points from file Image_data/texture17695.bin
selecting the first 2000 elements as initial centers
Writing coordinates of K=2000 cluster centers to file "Image_data/texture17695.bin.cluster_centres"
Writing membership of N=17695 data objects to file "Image_data/texture17695.bin.membership"

Performing **** Regular Kmeans (OpenMP version) ****
Input file:     Image_data/texture17695.bin
numObjs       = 17695
numCoords     = 20
numClusters   = 2000
threshold     = 0.0010
Threads       = 14
I/O time           =     0.0245 sec
Computation timing =     0.3536 sec
