=== OMP T=56 RUN 1 ===
reading data points from file Image_data/texture17695.bin
selecting the first 2000 elements as initial centers
Writing coordinates of K=2000 cluster centers to file "Image_data/texture17695.bin.cluster_centres"
Writing membership of N=17695 data objects to file "Image_data/texture17695.bin.membership"

Performing **** Regular Kmeans (OpenMP version) ****
Input file:     Image_data/texture17695.bin
numObjs       = 17695
numCoords     = 20
numClusters   = 2000
threshold     = 0.0010
Threads       = 56
I/O time           =     0.0354 sec
Computation timing =     0.1877 sec
=== OMP T=56 RUN 2 ===
reading data points from file Image_data/texture17695.bin
selecting the first 2000 elements as initial centers
Writing coordinates of K=2000 cluster centers to file "Image_data/texture17695.bin.cluster_centres"
Writing membership of N=17695 data objects to file "Image_data/texture17695.bin.membership"

Performing **** Regular Kmeans (OpenMP version) ****
Input file:     Image_data/texture17695.bin
numObjs       = 17695
numCoords     = 20
numClusters   = 2000
threshold     = 0.0010
Threads       = 56
I/O time           =     0.0349 sec
Computation timing =     0.1981 sec
=== OMP T=56 RUN 3 ===
reading data points from file Image_data/texture17695.bin
selecting the first 2000 elements as initial centers
Writing coordinates of K=2000 cluster centers to file "Image_data/texture17695.bin.cluster_centres"
Writing membership of N=17695 data objects to file "Image_data/texture17695.bin.membership"

Performing **** Regular Kmeans (OpenMP version) ****
Input file:     Image_data/texture17695.bin
numObjs       = 17695
numCoords     = 20
numClusters   = 2000
threshold     = 0.0010
Threads       = 56
I/O time           =     0.0354 sec
Computation timing =     0.2071 sec
=== OMP T=56 RUN 4 ===
reading data points from file Image_data/texture17695.bin
selecting the first 2000 elements as initial centers
Writing coordinates of K=2000 cluster centers to file "Image_data/texture17695.bin.cluster_centres"
Writing membership of N=17695 data objects to file "Image_data/texture17695.bin.membership"

Performing **** Regular Kmeans (OpenMP version) ****
Input file:     Image_data/texture17695.bin
numObjs       = 17695
numCoords     = 20
numClusters   = 2000
threshold     = 0.0010
Threads       = 56
I/O time           =     0.0410 sec
Computation timing =     0.1846 sec
=== OMP T=56 RUN 5 ===
reading data points from file Image_data/texture17695.bin
selecting the first 2000 elements as initial centers
Writing coordinates of K=2000 cluster centers to file "Image_data/texture17695.bin.cluster_centres"
Writing membership of N=17695 data objects to file "Image_data/texture17695.bin.membership"

Performing **** Regular Kmeans (OpenMP version) ****
Input file:     Image_data/texture17695.bin
numObjs       = 17695
numCoords     = 20
numClusters   = 2000
threshold     = 0.0010
Threads       = 56
I/O time           =     0.0357 sec
Computation timing =     0.1828 sec
=== OMP T=56 RUN 6 ===
reading data points from file Image_data/texture17695.bin
selecting the first 2000 elements as initial centers
Writing coordinates of K=2000 cluster centers to file "Image_data/texture17695.bin.cluster_centres"
Writing membership of N=17695 data objects to file "Image_data/texture17695.bin.membership"

Performing **** Regular Kmeans (OpenMP version) ****
Input file:     Image_data/texture17695.bin
numObjs       = 17695
numCoords     = 20
numClusters   = 2000
threshold     = 0.0010
Threads       = 56
I/O time           =     0.0355 sec
Computation timing =     0.2150 sec
=== OMP T=56 RUN 7 ===
reading data points from file Image_data/texture17695.bin
selecting the first 2000 elements as initial centers
Writing coordinates of K=2000 cluster centers to file "Image_data/texture17695.bin.cluster_centres"
Writing membership of N=17695 data objects to file "Image_data/texture17695.bin.membership"

Performing **** Regular Kmeans (OpenMP version) ****
Input file:     Image_data/texture17695.bin
numObjs       = 17695
numCoords     = 20
numClusters   = 2000
threshold     = 0.0010
Threads       = 56
I/O time           =     0.0380 sec
Computation timing =     0.1822 sec
=== OMP T=56 RUN 8 ===
reading data points from file Image_data/texture17695.bin
selecting the first 2000 elements as initial centers
Writing coordinates of K=2000 cluster centers to file "Image_data/texture17695.bin.cluster_centres"
Writing membership of N=17695 data objects to file "Image_data/texture17695.bin.membership"

Performing **** Regular Kmeans (OpenMP version) ****
Input file:     Image_data/texture17695.bin
numObjs       = 17695
numCoords     = 20
numClusters   = 2000
threshold     = 0.0010
Threads       = 56
I/O time           =     0.0354 sec
Computation timing =     0.1931 sec
=== OMP T=56 RUN 9 ===
reading data points from file Image_data/texture17695.bin
selecting the first 2000 elements as initial centers
Writing coordinates of K=2000 cluster centers to file "Image_data/texture17695.bin.cluster_centres"
Writing membership of N=17695 data objects to file "Image_data/texture17695.bin.membership"

Performing **** Regular Kmeans (OpenMP version) ****
Input file:     Image_data/texture17695.bin
numObjs       = 17695
numCoords     = 20
numClusters   = 2000
threshold     = 0.0010
Threads       = 56
I/O time           =     0.0356 sec
Computation timing =     0.1848 sec
=== OMP T=56 RUN 10 ===
reading data points from file Image_data/texture17695.bin
selecting the first 2000 elements as initial centers
Writing coordinates of K=2000 cluster centers to file "Image_data/texture17695.bin.cluster_centres"
Writing membership of N=17695 data objects to file "Image_data/texture17695.bin.membership"

Performing **** Regular Kmeans (OpenMP version) ****
Input file:     Image_data/texture17695.bin
numObjs       = 17695
numCoords     = 20
numClusters   = 2000
threshold     = 0.0010
Threads       = 56
I/O time           =     0.0360 sec
Computation timing =     0.1950 sec
