=== OMP T=8 RUN 1 ===
reading data points from file Image_data/texture17695.bin
selecting the first 2000 elements as initial centers
Writing coordinates of K=2000 cluster centers to file "Image_data/texture17695.bin.cluster_centres"
Writing membership of N=17695 data objects to file "Image_data/texture17695.bin.membership"

Performing **** Regular Kmeans (OpenMP version) ****
Input file:     Image_data/texture17695.bin
numObjs       = 17695
numCoords     = 20
numClusters   = 2000
threshold     = 0.0010
Threads       = 8
I/O time           =     0.0236 sec
Computation timing =     0.5789 sec
=== OMP T=8 RUN 2 ===
reading data points from file Image_data/texture17695.bin
selecting the first 2000 elements as initial centers
Writing coordinates of K=2000 cluster centers to file "Image_data/texture17695.bin.cluster_centres"
Writing membership of N=17695 data objects to file "Image_data/texture17695.bin.membership"

Performing **** Regular Kmeans (OpenMP version) ****
Input file:     Image_data/texture17695.bin
numObjs       = 17695
numCoords     = 20
numClusters   = 2000
threshold     = 0.0010
Threads       = 8
I/O time           =     0.0249 sec
Computation timing =     0.5846 sec
=== OMP T=8 RUN 3 ===
reading data points from file Image_data/texture17695.bin
selecting the first 2000 elements as initial centers
Writing coordinates of K=2000 cluster centers to file "Image_data/texture17695.bin.cluster_centres"
Writing membership of N=17695 data objects to file "Image_data/texture17695.bin.membership"

Performing **** Regular Kmeans (OpenMP version) ****
Input file:     Image_data/texture17695.bin
numObjs       = 17695
numCoords     = 20
numClusters   = 2000
threshold     = 0.0010
Threads       = 8
I/O time           =     0.0236 sec
Computation timing =     0.5695 sec
=== OMP T=8 RUN 4 ===
reading data points from file Image_data/texture17695.bin
selecting the first 2000 elements as initial centers
Writing coordinates of K=2000 cluster centers to file "Image_data/texture17695.bin.cluster_centres"
Writing membership of N=17695 data objects to file "Image_data/texture17695.bin.membership"

Performing **** Regular Kmeans (OpenMP version) ****
Input file:     Image_data/texture17695.bin
numObjs       = 17695
numCoords     = 20
numClusters   = 2000
threshold     = 0.0010
Threads       = 8
I/O time           =     0.0247 sec
Computation timing =     0.6097 sec
=== OMP T=8 RUN 5 ===
reading data points from file Image_data/texture17695.bin
selecting the first 2000 elements as initial centers
Writing coordinates of K=2000 cluster centers to file "Image_data/texture17695.bin.cluster_centres"
Writing membership of N=17695 data objects to file "Image_data/texture17695.bin.membership"

Performing **** Regular Kmeans (OpenMP version) ****
Input file:     Image_data/texture17695.bin
numObjs       = 17695
numCoords     = 20
numClusters   = 2000
threshold     = 0.0010
Threads       = 8
I/O time           =     0.0233 sec
Computation timing =     0.5963 sec
=== OMP T=8 RUN 6 ===
reading data points from file Image_data/texture17695.bin
selecting the first 2000 elements as initial centers
Writing coordinates of K=2000 cluster centers to file "Image_data/texture17695.bin.cluster_centres"
Writing membership of N=17695 data objects to file "Image_data/texture17695.bin.membership"

Performing **** Regular Kmeans (OpenMP version) ****
Input file:     Image_data/texture17695.bin
numObjs       = 17695
numCoords     = 20
numClusters   = 2000
threshold     = 0.0010
Threads       = 8
I/O time           =     0.0247 sec
Computation timing =     0.5691 sec
=== OMP T=8 RUN 7 ===
reading data points from file Image_data/texture17695.bin
selecting the first 2000 elements as initial centers
Writing coordinates of K=2000 cluster centers to file "Image_data/texture17695.bin.cluster_centres"
Writing membership of N=17695 data objects to file "Image_data/texture17695.bin.membership"

Performing **** Regular Kmeans (OpenMP version) ****
Input file:     Image_data/texture17695.bin
numObjs       = 17695
numCoords     = 20
numClusters   = 2000
threshold     = 0.0010
Threads       = 8
I/O time           =     0.0239 sec
Computation timing =     0.6131 sec
=== OMP T=8 RUN 8 ===
reading data points from file Image_data/texture17695.bin
selecting the first 2000 elements as initial centers
Writing coordinates of K=2000 cluster centers to file "Image_data/texture17695.bin.cluster_centres"
Writing membership of N=17695 data objects to file "Image_data/texture17695.bin.membership"

Performing **** Regular Kmeans (OpenMP version) ****
Input file:     Image_data/texture17695.bin
numObjs       = 17695
numCoords     = 20
numClusters   = 2000
threshold     = 0.0010
Threads       = 8
I/O time           =     0.0246 sec
Computation timing =     0.6082 sec
=== OMP T=8 RUN 9 ===
reading data points from file Image_data/texture17695.bin
selecting the first 2000 elements as initial centers
Writing coordinates of K=2000 cluster centers to file "Image_data/texture17695.bin.cluster_centres"
Writing membership of N=17695 data objects to file "Image_data/texture17695.bin.membership"

Performing **** Regular Kmeans (OpenMP version) ****
Input file:     Image_data/texture17695.bin
numObjs       = 17695
numCoords     = 20
numClusters   = 2000
threshold     = 0.0010
Threads       = 8
I/O time           =     0.0251 sec
Computation timing =     0.6054 sec
=== OMP T=8 RUN 10 ===
reading data points from file Image_data/texture17695.bin
selecting the first 2000 elements as initial centers
Writing coordinates of K=2000 cluster centers to file "Image_data/texture17695.bin.cluster_centres"
Writing membership of N=17695 data objects to file "Image_data/texture17695.bin.membership"

Performing **** Regular Kmeans (OpenMP version) ****
Input file:     Image_data/texture17695.bin
numObjs       = 17695
numCoords     = 20
numClusters   = 2000
threshold     = 0.0010
Threads       = 8
I/O time           =     0.0252 sec
Computation timing =     0.6026 sec
